2025-06-27 23:34:13 [System] INFO: Quantum Computing Platform starting up
2025-06-27 23:34:13 [System] INFO: Log level: INFO
2025-06-27 23:34:13 [System] INFO: Logging to file: True
2025-06-27 23:34:13 [System] INFO: Log file: logs/quantum_platform.log
2025-06-27 23:34:13 [System] INFO: Performance logging: False
2025-06-27 23:34:13 [Monitor] INFO: Started continuous monitoring with 5.0s interval
2025-06-27 23:34:13 [JobManager] INFO: Job manager initialized
2025-06-27 23:34:13 [JobManager] INFO: Created simulation job: Test Job (51efbbe3-cf33-43a7-aefc-4e612a7ab08b)
2025-06-27 23:34:13 [ProgressTracker] INFO: Started progress tracking for Test Operation
2025-06-27 23:34:13 [ProgressTracker] INFO: Completed progress tracking for Test Operation
2025-06-27 23:34:13 [JobManager] INFO: Job manager initialized
2025-06-27 23:34:13 [ExecutionDashboard] INFO: Started dashboard monitoring
2025-06-27 23:34:13 [ExecutionDashboard] INFO: Execution dashboard initialized
2025-06-27 23:34:50 [System] INFO: Quantum Computing Platform starting up
2025-06-27 23:34:50 [System] INFO: Log level: INFO
2025-06-27 23:34:50 [System] INFO: Logging to file: True
2025-06-27 23:34:50 [System] INFO: Log file: logs/quantum_platform.log
2025-06-27 23:34:50 [System] INFO: Performance logging: False
2025-06-27 23:34:50 [Monitor] INFO: Started continuous monitoring with 5.0s interval
2025-06-27 23:34:50 [JobManager] INFO: Job manager initialized
2025-06-27 23:34:50 [JobManager] INFO: Created simulation job: Test Job (e3417aaf-15d1-4f50-8eca-38ad52f9ee83)
2025-06-27 23:34:50 [ProgressTracker] INFO: Started progress tracking for Test Operation
2025-06-27 23:34:50 [ProgressTracker] INFO: Completed progress tracking for Test Operation
2025-06-27 23:34:50 [JobManager] INFO: Job manager initialized
2025-06-27 23:34:50 [ExecutionDashboard] INFO: Started dashboard monitoring
2025-06-27 23:34:50 [ExecutionDashboard] INFO: Execution dashboard initialized
2025-06-27 23:34:50 [MonitoredSimulationExecutor] INFO: Registered simulation backend: statevector
2025-06-27 23:34:50 [MonitoredSimulationExecutor] INFO: Monitored simulation executor initialized
2025-06-27 23:35:29 [System] INFO: Quantum Computing Platform starting up
2025-06-27 23:35:29 [System] INFO: Log level: INFO
2025-06-27 23:35:29 [System] INFO: Logging to file: True
2025-06-27 23:35:29 [System] INFO: Log file: logs/quantum_platform.log
2025-06-27 23:35:29 [System] INFO: Performance logging: False
2025-06-27 23:35:29 [Monitor] INFO: Started continuous monitoring with 5.0s interval
2025-06-27 23:35:29 [JobManager] INFO: Job manager initialized
2025-06-27 23:35:29 [JobManager] INFO: Created simulation job: Test Job (442ddfce-e2f7-4dab-a3e3-aac084cd44bd)
2025-06-27 23:35:29 [ProgressTracker] INFO: Started progress tracking for Test Operation
2025-06-27 23:35:29 [ProgressTracker] INFO: Completed progress tracking for Test Operation
2025-06-27 23:35:29 [JobManager] INFO: Job manager initialized
2025-06-27 23:35:29 [ExecutionDashboard] INFO: Started dashboard monitoring
2025-06-27 23:35:29 [ExecutionDashboard] INFO: Execution dashboard initialized
2025-06-27 23:35:29 [MonitoredSimulationExecutor] INFO: Registered simulation backend: statevector
2025-06-27 23:35:29 [MonitoredSimulationExecutor] INFO: Monitored simulation executor initialized
2025-06-27 23:35:29 [JobManager] INFO: Created simulation job: Quick Test (fb9282a0-9fcc-4c1e-be1e-5aff7896acd2)
2025-06-27 23:35:29 [JobManager] INFO: Submitted job Quick Test to queue
2025-06-27 23:35:29 [JobManager] INFO: Started job Quick Test
2025-06-27 23:35:29 [MonitoredSimulationExecutor] INFO: Submitted simulation job: Quick Test (fb9282a0-9fcc-4c1e-be1e-5aff7896acd2)
2025-06-27 23:35:31 [ExecutionDashboard] INFO: Added notification: Job Completed - Job 'Quick Test' completed successfully
2025-06-27 23:35:52 [System] INFO: Quantum Computing Platform starting up
2025-06-27 23:35:52 [System] INFO: Log level: INFO
2025-06-27 23:35:52 [System] INFO: Logging to file: True
2025-06-27 23:35:52 [System] INFO: Log file: logs/quantum_platform.log
2025-06-27 23:35:52 [System] INFO: Performance logging: False
2025-06-27 23:35:52 [Monitor] INFO: Started continuous monitoring with 5.0s interval
2025-06-27 23:35:52 [JobManager] INFO: Job manager initialized
2025-06-27 23:35:52 [JobManager] INFO: Job manager initialized
2025-06-27 23:35:52 [ExecutionDashboard] INFO: Started dashboard monitoring
2025-06-27 23:35:52 [ExecutionDashboard] INFO: Execution dashboard initialized
2025-06-27 23:35:52 [MonitoredSimulationExecutor] INFO: Registered simulation backend: statevector
2025-06-27 23:35:52 [MonitoredSimulationExecutor] INFO: Monitored simulation executor initialized
2025-06-27 23:35:52 [JobManager] INFO: Created simulation job: Final Test Circuit (24bf7906-e5a4-4252-85d7-e96efa8082a8)
2025-06-27 23:35:52 [JobManager] INFO: Submitted job Final Test Circuit to queue
2025-06-27 23:35:52 [JobManager] INFO: Started job Final Test Circuit
2025-06-27 23:35:52 [MonitoredSimulationExecutor] INFO: Submitted simulation job: Final Test Circuit (24bf7906-e5a4-4252-85d7-e96efa8082a8)
2025-06-27 23:35:53 [ExecutionDashboard] INFO: Added notification: Job Completed - Job 'Final Test Circuit' completed successfully
2025-06-27 23:35:54 [JobManager] INFO: Shutting down job manager
2025-06-27 23:35:54 [JobManager] INFO: Job manager shutdown complete
2025-06-27 23:35:54 [ExecutionDashboard] INFO: Shutting down execution dashboard
2025-06-27 23:35:54 [ExecutionDashboard] INFO: Stopped dashboard monitoring
2025-06-27 23:35:54 [ExecutionDashboard] INFO: Execution dashboard shutdown complete
2025-06-27 23:35:54 [StatusMonitor] INFO: Shutting down status monitor
2025-06-27 23:35:54 [StatusMonitor] INFO: Status monitor shutdown complete
2025-06-27 23:51:15 [System] INFO: Quantum Computing Platform starting up
2025-06-27 23:51:15 [System] INFO: Log level: INFO
2025-06-27 23:51:15 [System] INFO: Logging to file: True
2025-06-27 23:51:15 [System] INFO: Log file: logs/quantum_platform.log
2025-06-27 23:51:15 [System] INFO: Performance logging: False
2025-06-27 23:51:15 [quantum_platform.visualization.circuit_debugger] INFO: Started debug session ef39f65f-89b8-42d6-b721-af84d2091560
2025-06-27 23:51:15 [quantum_platform.visualization.circuit_debugger] INFO: Started debug session e3edf4f8-dd7f-4b11-a088-0067e6795dbb
2025-06-27 23:51:15 [quantum_platform.visualization.circuit_debugger] INFO: Started debug session bfdf3e34-a739-452b-9b0c-3f4cc1ca59bf
2025-06-27 23:51:15 [quantum_platform.visualization.circuit_debugger] INFO: Started debug session e0dc65cc-1901-4869-ba93-5da8cd9092e1
2025-06-27 23:51:15 [quantum_platform.visualization.circuit_debugger] INFO: Started debug session bf314719-457c-4789-ae12-c179c26f226f
2025-06-27 23:51:15 [quantum_platform.visualization.circuit_debugger] INFO: Started debug session 7ce0c8a6-b363-4b1e-9e38-488aabeee838
2025-06-28 00:30:05 [System] INFO: Quantum Computing Platform starting up
2025-06-28 00:30:05 [System] INFO: Log level: INFO
2025-06-28 00:30:05 [System] INFO: Logging to file: True
2025-06-28 00:30:05 [System] INFO: Log file: logs/quantum_platform.log
2025-06-28 00:30:05 [System] INFO: Performance logging: False
2025-06-28 00:30:05 [quantum_platform.visualization.circuit_debugger] INFO: Added breakpoint at operation 1
2025-06-28 00:30:05 [quantum_platform.visualization.circuit_debugger] INFO: Started debug session 2220ec9d-de2a-49ea-9993-8a61c6a0f97e
2025-06-28 00:30:05 [quantum_platform.visualization.circuit_debugger] INFO: Added breakpoint at operation 1
2025-06-28 00:30:05 [quantum_platform.visualization.circuit_debugger] INFO: Ended debug session 2220ec9d-de2a-49ea-9993-8a61c6a0f97e
2025-06-28 00:30:24 [System] INFO: Quantum Computing Platform starting up
2025-06-28 00:30:24 [System] INFO: Log level: INFO
2025-06-28 00:30:24 [System] INFO: Logging to file: True
2025-06-28 00:30:24 [System] INFO: Log file: logs/quantum_platform.log
2025-06-28 00:30:24 [System] INFO: Performance logging: False
2025-06-28 00:30:24 [quantum_platform.visualization.circuit_debugger] INFO: Started debug session 11754b0b-98c8-4752-b2d0-a3236df40bb5
2025-06-28 00:30:24 [quantum_platform.visualization.circuit_debugger] INFO: Added breakpoint at operation 1
2025-06-28 00:30:24 [quantum_platform.visualization.circuit_debugger] INFO: Removed breakpoint at operation 1
2025-06-28 00:30:24 [quantum_platform.visualization.circuit_debugger] INFO: Ended debug session 11754b0b-98c8-4752-b2d0-a3236df40bb5
2025-06-28 00:30:24 [quantum_platform.visualization.circuit_debugger] INFO: Started debug session 047fc94f-1597-40ad-a7d9-1259e3b18a1d
2025-06-28 00:30:24 [quantum_platform.visualization.circuit_debugger] INFO: Ended debug session 047fc94f-1597-40ad-a7d9-1259e3b18a1d
2025-06-28 00:30:24 [quantum_platform.visualization.circuit_debugger] INFO: Started debug session 71b74eb0-b621-4483-9254-530477249068
2025-06-28 00:30:24 [quantum_platform.visualization.circuit_debugger] INFO: Started debug session 6aa11d9e-31a0-48a6-9b04-5e7ad4ccb936
2025-06-28 00:30:24 [quantum_platform.visualization.circuit_debugger] INFO: Started debug session f03e71ab-762f-4637-8dd1-486c542d6c0f
2025-06-28 00:30:24 [quantum_platform.visualization.circuit_debugger] INFO: Started debug session 5987b099-3e68-4401-aee0-58a812febb07
2025-06-29 04:23:00 [Integration] INFO: Observability system initialized
2025-06-29 04:23:00 [Integration] INFO: Log level: INFO
2025-06-29 04:23:00 [Integration] INFO: Performance monitoring: True
2025-06-29 04:23:00 [Integration] INFO: Debug mode: False
2025-06-29 04:23:00 [Integration] INFO: Enhanced compiler components
2025-06-29 04:23:00 [Integration] INFO: Enhanced simulation components
2025-06-29 04:23:00 [Integration] INFO: Security components already have comprehensive logging
2025-06-29 04:23:00 [Integration] INFO: Enhanced plugin components
2025-06-29 04:23:00 [CircuitTest] INFO: Starting quantum circuit observability test
2025-06-29 04:23:00 [Monitor] ERROR: Failed create_bell_circuit after 0.000s: 'QuantumContext' object has no attribute 'compile'
2025-06-29 04:23:00 [Worker0] INFO: Worker 0 iteration 0
2025-06-29 04:23:00 [Worker1] INFO: Worker 1 iteration 0
2025-06-29 04:23:00 [Worker2] INFO: Worker 2 iteration 0
2025-06-29 04:23:00 [Worker0] INFO: Worker 0 iteration 1
2025-06-29 04:23:00 [Worker1] INFO: Worker 1 iteration 1
2025-06-29 04:23:00 [Worker2] INFO: Worker 2 iteration 1
2025-06-29 04:23:00 [Worker0] INFO: Worker 0 iteration 2
2025-06-29 04:23:00 [Worker1] INFO: Worker 1 iteration 2
2025-06-29 04:23:00 [Worker2] INFO: Worker 2 iteration 2
2025-06-29 04:23:00 [Worker0] WARNING: Worker 0 encountered minor issue
2025-06-29 04:23:00 [Worker0] INFO: Worker 0 iteration 3
2025-06-29 04:23:00 [Worker1] WARNING: Worker 1 encountered minor issue
2025-06-29 04:23:00 [Worker1] INFO: Worker 1 iteration 3
2025-06-29 04:23:00 [Worker2] WARNING: Worker 2 encountered minor issue
2025-06-29 04:23:00 [Worker2] INFO: Worker 2 iteration 3
2025-06-29 04:23:00 [Worker0] INFO: Worker 0 iteration 4
2025-06-29 04:23:00 [Worker1] INFO: Worker 1 iteration 4
2025-06-29 04:23:00 [Worker2] INFO: Worker 2 iteration 4
2025-06-29 04:23:00 [ErrorTest] INFO: Starting operation that will fail
2025-06-29 04:23:00 [Monitor] ERROR: Failed error_prone_operation after 0.000s: This is a test error
2025-06-29 04:23:00 [ErrorTest] ERROR: Caught expected error: This is a test error
2025-06-29 04:23:00 [ErrorTest] INFO: System recovered successfully
2025-06-29 04:23:00 [ErrorTest] INFO: Testing with unusual data: {'complex': {'nested': 'data'}}
2025-06-29 04:23:01 [System] INFO: Quantum Computing Platform starting up
2025-06-29 04:23:01 [System] INFO: Log level: INFO
2025-06-29 04:23:01 [System] INFO: Logging to file: True
2025-06-29 04:23:01 [System] INFO: Log file: logs/quantum_platform.log
2025-06-29 04:23:01 [System] INFO: Performance logging: False
2025-06-29 04:23:01 [Monitor] INFO: Started continuous monitoring with 5.0s interval
2025-06-29 04:23:01 [quantum_platform.profiling.profiler] INFO: QuantumProfiler initialized with mode: basic
2025-06-29 04:23:01 [quantum_platform.profiling.profiler] INFO: QuantumProfiler initialized with mode: detailed
2025-06-29 04:23:01 [quantum_platform.profiling.profiler] INFO: QuantumProfiler initialized with mode: disabled
2025-06-29 04:23:01 [quantum_platform.profiling.profiler] INFO: QuantumProfiler initialized with mode: basic
2025-06-29 04:23:01 [quantum_platform.profiling.profiler] INFO: QuantumProfiler initialized with mode: basic
2025-06-29 04:23:01 [quantum_platform.profiling.profiler] INFO: QuantumProfiler initialized with mode: disabled
2025-06-29 04:23:01 [JobManager] INFO: Job manager initialized
2025-06-29 04:23:01 [JobManager] INFO: Created simulation job: Test Job (aedfb940-c117-4cef-864f-3789b67c31b5)
2025-06-29 04:23:01 [JobManager] INFO: Submitted job Test Job to queue
2025-06-29 04:23:01 [JobManager] INFO: Started job Test Job
2025-06-29 04:23:02 [JobManager] INFO: Shutting down job manager
2025-06-29 04:23:02 [JobManager] INFO: Job manager shutdown complete
2025-06-29 04:23:02 [quantum_platform.profiling.profiler] INFO: QuantumProfiler initialized with mode: basic
2025-06-29 04:23:02 [quantum_platform.profiling.benchmark] ERROR: Benchmark run failed: 'QuantumCircuit' object has no attribute 'h'
2025-06-29 04:23:02 [quantum_platform.profiling.benchmark] ERROR: Benchmark execution failed: 'MemoryProfile' object has no attribute 'peak_memory_mb'
2025-06-29 04:23:02 [quantum_platform.profiling.profiler] INFO: QuantumProfiler initialized with mode: basic
2025-06-29 04:23:02 [JobManager] INFO: Job manager initialized
2025-06-29 04:23:02 [JobManager] INFO: Shutting down job manager
2025-06-29 04:23:02 [JobManager] INFO: Job manager shutdown complete
2025-06-29 04:40:48 [System] INFO: Quantum Computing Platform starting up
2025-06-29 04:40:48 [System] INFO: Log level: INFO
2025-06-29 04:40:48 [System] INFO: Logging to file: True
2025-06-29 04:40:48 [System] INFO: Log file: logs/quantum_platform.log
2025-06-29 04:40:48 [System] INFO: Performance logging: False
2025-06-29 04:40:48 [quantum_platform.errors.reporter] INFO: Error reporter initialized
2025-06-29 04:41:14 [System] INFO: Quantum Computing Platform starting up
2025-06-29 04:41:14 [System] INFO: Log level: INFO
2025-06-29 04:41:14 [System] INFO: Logging to file: True
2025-06-29 04:41:14 [System] INFO: Log file: logs/quantum_platform.log
2025-06-29 04:41:14 [System] INFO: Performance logging: False
2025-06-29 04:41:14 [quantum_platform.errors.reporter] INFO: Error reporter initialized
2025-06-29 04:41:14 [quantum_platform.errors.reporter] INFO: Error report collected: QP-20250629-2d15456d
2025-06-29 04:41:35 [System] INFO: Quantum Computing Platform starting up
2025-06-29 04:41:35 [System] INFO: Log level: INFO
2025-06-29 04:41:35 [System] INFO: Logging to file: True
2025-06-29 04:41:35 [System] INFO: Log file: logs/quantum_platform.log
2025-06-29 04:41:35 [System] INFO: Performance logging: False
2025-06-29 04:41:35 [quantum_platform.errors.reporter] INFO: Error reporter initialized
2025-06-29 04:41:35 [quantum_platform.errors.reporter] INFO: Error reporter initialized
2025-06-29 04:41:35 [quantum_platform.errors.reporter] INFO: Error report collected: QP-20250629-e5b08d8c
2025-06-29 04:41:35 [quantum_platform.errors.alerts] INFO: Alert manager initialized
2025-06-29 04:41:35 [quantum_platform.errors.alerts] INFO: Alert created: 5a8daa01-3965-4e8d-a670-5ae689a9d1bc - Info
2025-06-29 04:41:35 [quantum_platform.errors.alerts] INFO: Alert created: dcefea49-d5f4-44d7-9415-bcd1268a938b - Warning
2025-06-29 04:41:35 [quantum_platform.errors.alerts] INFO: Alert created: d8a45080-d117-4e07-ba10-caf4919e60a0 - Error
2025-06-29 04:41:35 [Demo] ERROR: Error in function_that_fails: Demonstration error
2025-06-29 04:41:35 [quantum_platform.errors.reporter] INFO: Error report collected: QP-20250629-b0e8ffaa
2025-06-29 04:41:35 [quantum_platform.errors.alerts] INFO: Alert created: 38a0ccba-0ce6-43e0-9d4f-aa0fbd7c901b - Internal Error
2025-06-29 04:41:36 [quantum_platform.errors.alerts] INFO: Alert manager shutdown
2025-06-29 04:44:34 [System] INFO: Quantum Computing Platform starting up
2025-06-29 04:44:34 [System] INFO: Log level: INFO
2025-06-29 04:44:34 [System] INFO: Logging to file: True
2025-06-29 04:44:34 [System] INFO: Log file: logs/quantum_platform.log
2025-06-29 04:44:34 [System] INFO: Performance logging: False
2025-06-29 04:44:34 [quantum_platform.errors.reporter] INFO: Error reporter initialized
2025-06-29 04:44:34 [quantum_platform.errors.reporter] INFO: Error report collected: QP-20250629-2d12fd39
2025-06-29 04:44:47 [System] INFO: Quantum Computing Platform starting up
2025-06-29 04:44:47 [System] INFO: Log level: INFO
2025-06-29 04:44:47 [System] INFO: Logging to file: True
2025-06-29 04:44:47 [System] INFO: Log file: logs/quantum_platform.log
2025-06-29 04:44:47 [System] INFO: Performance logging: False
2025-06-29 04:44:47 [quantum_platform.errors.reporter] INFO: Error reporter initialized
2025-06-29 04:44:47 [quantum_platform.errors.reporter] INFO: Error report collected: QP-20250629-7243de3e
2025-06-29 04:44:47 [quantum_platform.errors.alerts] INFO: Alert manager initialized
2025-06-29 04:44:47 [quantum_platform.errors.alerts] INFO: Alert created: a4bfafc8-3c72-4b4c-a6e2-855714856f8b - Info
2025-06-29 04:44:47 [quantum_platform.errors.alerts] INFO: Alert created: d90d4cce-0361-4976-8be0-6a5299bfff90 - Warning
2025-06-29 04:44:47 [quantum_platform.errors.alerts] INFO: Alert created: cc3c53c8-10c6-4d32-aec4-6e31bcff88ce - Error
2025-06-29 04:44:47 [Demo] ERROR: Error in function_with_user_friendly_errors: Internal error for demonstration
2025-06-29 04:44:47 [quantum_platform.errors.reporter] INFO: Error report collected: QP-20250629-0b47a6f4
2025-06-29 04:44:47 [quantum_platform.errors.alerts] INFO: Alert created: 0342ea2d-b933-4736-b8b9-3f7ecfe0ee00 - Internal Error
2025-06-29 04:44:47 [__main__] WARNING: Safe execution failed in function_with_safe_execution: This won't crash the program
2025-06-29 04:44:47 [Demo] ERROR: Error in function_with_custom_handling: Custom handled exception
2025-06-29 04:44:47 [QuantumCircuit] ERROR: Error in build_problematic_circuit: Attempted to use qubit that wasn't allocated
2025-06-29 04:44:47 [quantum_platform.errors.reporter] INFO: Error report collected: QP-20250629-5276646e
2025-06-29 04:44:47 [quantum_platform.errors.alerts] INFO: Alert created: 0f21a193-caea-47ca-8fe8-dcde8e372af8 - Logic Error
2025-06-29 04:45:05 [System] INFO: Quantum Computing Platform starting up
2025-06-29 04:45:05 [System] INFO: Log level: INFO
2025-06-29 04:45:05 [System] INFO: Logging to file: True
2025-06-29 04:45:05 [System] INFO: Log file: logs/quantum_platform.log
2025-06-29 04:45:05 [System] INFO: Performance logging: False
2025-06-29 04:45:05 [quantum_platform.errors.reporter] INFO: Error reporter initialized
2025-06-29 04:45:05 [quantum_platform.errors.reporter] INFO: Error report collected: QP-20250629-b4af5221
2025-06-29 04:45:05 [quantum_platform.errors.alerts] INFO: Alert manager initialized
2025-06-29 04:45:05 [quantum_platform.errors.alerts] INFO: Alert created: a4078572-9ae7-473e-97b1-05df55da0d50 - Info
2025-06-29 04:45:05 [quantum_platform.errors.alerts] INFO: Alert created: 14faa76d-425f-4d47-af4c-ae0186ef09c8 - Warning
2025-06-29 04:45:05 [quantum_platform.errors.alerts] INFO: Alert created: edd43ee1-2fe5-47b9-9ff1-0430aabb107b - Error
2025-06-29 04:45:05 [Demo] ERROR: Error in function_with_user_friendly_errors: Internal error for demonstration
2025-06-29 04:45:05 [quantum_platform.errors.reporter] INFO: Error report collected: QP-20250629-bc1dad91
2025-06-29 04:45:05 [quantum_platform.errors.alerts] INFO: Alert created: 9ed5beab-6a33-4756-92f3-dd635105eb08 - Internal Error
2025-06-29 04:45:05 [__main__] WARNING: Safe execution failed in function_with_safe_execution: This won't crash the program
2025-06-29 04:45:05 [Demo] ERROR: Error in function_with_custom_handling: Custom handled exception
2025-06-29 04:45:05 [QuantumCircuit] ERROR: Error in build_problematic_circuit: Attempted to use qubit that wasn't allocated
2025-06-29 04:45:05 [quantum_platform.errors.reporter] INFO: Error report collected: QP-20250629-69276a34
2025-06-29 04:45:05 [quantum_platform.errors.alerts] INFO: Alert created: 9ac2159d-b29d-4222-8e45-c56a978df951 - Logic Error
2025-06-29 04:45:30 [System] INFO: Quantum Computing Platform starting up
2025-06-29 04:45:30 [System] INFO: Log level: INFO
2025-06-29 04:45:30 [System] INFO: Logging to file: True
2025-06-29 04:45:30 [System] INFO: Log file: logs/quantum_platform.log
2025-06-29 04:45:30 [System] INFO: Performance logging: False
2025-06-29 04:45:30 [quantum_platform.errors.reporter] INFO: Error reporter initialized
2025-06-29 04:45:30 [quantum_platform.errors.reporter] INFO: Error report collected: QP-20250629-a781b22f
2025-06-29 04:45:30 [quantum_platform.errors.alerts] INFO: Alert manager initialized
2025-06-29 04:45:30 [quantum_platform.errors.alerts] INFO: Alert created: 27abb043-eb38-406f-9d78-0d3222f58efb - Info
2025-06-29 04:45:30 [quantum_platform.errors.alerts] INFO: Alert created: c2bf65bb-e318-48da-9089-87fef45510f8 - Warning
2025-06-29 04:45:30 [quantum_platform.errors.alerts] INFO: Alert created: 52e00ed7-c81d-4d1d-a4fd-455169d077a5 - Error
2025-06-29 04:45:30 [Demo] ERROR: Error in function_with_user_friendly_errors: Internal error for demonstration
2025-06-29 04:45:30 [quantum_platform.errors.reporter] INFO: Error report collected: QP-20250629-d920a4dd
2025-06-29 04:45:30 [quantum_platform.errors.alerts] INFO: Alert created: f59e9683-419f-4dbc-afdc-279bdb13c6b9 - Internal Error
2025-06-29 04:45:30 [__main__] WARNING: Safe execution failed in function_with_safe_execution: This won't crash the program
2025-06-29 04:45:30 [Demo] ERROR: Error in function_with_custom_handling: Custom handled exception
2025-06-29 04:45:30 [quantum_platform.errors.reporter] INFO: Error report collected: QP-20250629-064aaf41
2025-06-29 04:45:30 [quantum_platform.errors.alerts] INFO: Alert created: 6a7de685-2d12-47ce-9ea3-a87e42cba860 - Logic Error
2025-06-29 04:45:30 [CircuitBuilder] ERROR: Error in validate_and_build_circuit: Bell state requires even number of qubits
2025-06-29 04:45:30 [quantum_platform.errors.reporter] INFO: Error report collected: QP-20250629-caab7338
2025-06-29 04:45:30 [quantum_platform.errors.alerts] INFO: Alert created: ae390654-927a-4ac1-803b-dea5851b192e - Logic Error
2025-06-29 04:45:30 [CircuitBuilder] ERROR: Error in validate_and_build_circuit: Unknown circuit type: unknown
2025-06-29 04:45:30 [quantum_platform.errors.reporter] INFO: Error report collected: QP-20250629-848b49fa
2025-06-29 04:45:30 [quantum_platform.errors.alerts] INFO: Alert created: b4ca2ce8-fd28-4913-9f10-883113957eef - Logic Error
2025-06-29 04:45:32 [quantum_platform.errors.alerts] INFO: Alert manager shutdown
2025-06-29 05:59:26 [System] INFO: Quantum Computing Platform starting up
2025-06-29 05:59:26 [System] INFO: Log level: INFO
2025-06-29 05:59:26 [System] INFO: Logging to file: True
2025-06-29 05:59:26 [System] INFO: Log file: logs/quantum_platform.log
2025-06-29 05:59:26 [System] INFO: Performance logging: False
2025-06-29 05:59:26 [quantum_platform.errors.reporter] INFO: Error reporter initialized
2025-06-29 06:00:28 [System] INFO: Quantum Computing Platform starting up
2025-06-29 06:00:28 [System] INFO: Log level: INFO
2025-06-29 06:00:28 [System] INFO: Logging to file: True
2025-06-29 06:00:28 [System] INFO: Log file: logs/quantum_platform.log
2025-06-29 06:00:28 [System] INFO: Performance logging: False
2025-06-29 06:00:28 [quantum_platform.errors.reporter] INFO: Error reporter initialized
2025-06-29 06:00:35 [System] INFO: Quantum Computing Platform starting up
2025-06-29 06:00:35 [System] INFO: Log level: INFO
2025-06-29 06:00:35 [System] INFO: Logging to file: True
2025-06-29 06:00:35 [System] INFO: Log file: logs/quantum_platform.log
2025-06-29 06:00:35 [System] INFO: Performance logging: False
2025-06-29 06:00:35 [quantum_platform.errors.reporter] INFO: Error reporter initialized
2025-06-29 06:01:18 [System] INFO: Quantum Computing Platform starting up
2025-06-29 06:01:18 [System] INFO: Log level: INFO
2025-06-29 06:01:18 [System] INFO: Logging to file: True
2025-06-29 06:01:18 [System] INFO: Log file: logs/quantum_platform.log
2025-06-29 06:01:18 [System] INFO: Performance logging: False
2025-06-29 06:01:18 [quantum_platform.errors.reporter] INFO: Error reporter initialized
2025-06-29 06:02:24 [System] INFO: Quantum Computing Platform starting up
2025-06-29 06:02:24 [System] INFO: Log level: INFO
2025-06-29 06:02:24 [System] INFO: Logging to file: True
2025-06-29 06:02:24 [System] INFO: Log file: logs/quantum_platform.log
2025-06-29 06:02:24 [System] INFO: Performance logging: False
2025-06-29 06:02:24 [quantum_platform.errors.reporter] INFO: Error reporter initialized
2025-06-29 06:03:35 [System] INFO: Quantum Computing Platform starting up
2025-06-29 06:03:35 [System] INFO: Log level: INFO
2025-06-29 06:03:35 [System] INFO: Logging to file: True
2025-06-29 06:03:35 [System] INFO: Log file: logs/quantum_platform.log
2025-06-29 06:03:35 [System] INFO: Performance logging: False
2025-06-29 06:03:35 [quantum_platform.errors.reporter] INFO: Error reporter initialized
2025-06-29 06:03:57 [System] INFO: Quantum Computing Platform starting up
2025-06-29 06:03:57 [System] INFO: Log level: INFO
2025-06-29 06:03:57 [System] INFO: Logging to file: True
2025-06-29 06:03:57 [System] INFO: Log file: logs/quantum_platform.log
2025-06-29 06:03:57 [System] INFO: Performance logging: False
2025-06-29 06:03:57 [quantum_platform.errors.reporter] INFO: Error reporter initialized
2025-06-29 06:04:19 [System] INFO: Quantum Computing Platform starting up
2025-06-29 06:04:19 [System] INFO: Log level: INFO
2025-06-29 06:04:19 [System] INFO: Logging to file: True
2025-06-29 06:04:19 [System] INFO: Log file: logs/quantum_platform.log
2025-06-29 06:04:19 [System] INFO: Performance logging: False
2025-06-29 06:04:19 [quantum_platform.errors.reporter] INFO: Error reporter initialized
2025-06-29 06:04:25 [System] INFO: Quantum Computing Platform starting up
2025-06-29 06:04:25 [System] INFO: Log level: INFO
2025-06-29 06:04:25 [System] INFO: Logging to file: True
2025-06-29 06:04:25 [System] INFO: Log file: logs/quantum_platform.log
2025-06-29 06:04:25 [System] INFO: Performance logging: False
2025-06-29 06:04:25 [quantum_platform.errors.reporter] INFO: Error reporter initialized
2025-06-29 06:05:52 [System] INFO: Quantum Computing Platform starting up
2025-06-29 06:05:52 [System] INFO: Log level: INFO
2025-06-29 06:05:52 [System] INFO: Logging to file: True
2025-06-29 06:05:52 [System] INFO: Log file: logs/quantum_platform.log
2025-06-29 06:05:52 [System] INFO: Performance logging: False
2025-06-29 06:05:52 [quantum_platform.errors.reporter] INFO: Error reporter initialized
2025-06-29 06:19:33 [System] INFO: Quantum Computing Platform starting up
2025-06-29 06:19:33 [System] INFO: Log level: INFO
2025-06-29 06:19:33 [System] INFO: Logging to file: True
2025-06-29 06:19:33 [System] INFO: Log file: logs/quantum_platform.log
2025-06-29 06:19:33 [System] INFO: Performance logging: False
2025-06-29 06:19:33 [quantum_platform.errors.reporter] INFO: Error reporter initialized
2025-06-29 06:21:47 [System] INFO: Quantum Computing Platform starting up
2025-06-29 06:21:47 [System] INFO: Log level: INFO
2025-06-29 06:21:47 [System] INFO: Logging to file: True
2025-06-29 06:21:47 [System] INFO: Log file: logs/quantum_platform.log
2025-06-29 06:21:47 [System] INFO: Performance logging: False
2025-06-29 06:21:47 [quantum_platform.errors.reporter] INFO: Error reporter initialized
2025-06-29 06:23:00 [System] INFO: Quantum Computing Platform starting up
2025-06-29 06:23:00 [System] INFO: Log level: INFO
2025-06-29 06:23:00 [System] INFO: Logging to file: True
2025-06-29 06:23:00 [System] INFO: Log file: logs/quantum_platform.log
2025-06-29 06:23:00 [System] INFO: Performance logging: False
2025-06-29 06:23:00 [quantum_platform.errors.reporter] INFO: Error reporter initialized
2025-06-29 06:24:38 [System] INFO: Quantum Computing Platform starting up
2025-06-29 06:24:38 [System] INFO: Log level: INFO
2025-06-29 06:24:38 [System] INFO: Logging to file: True
2025-06-29 06:24:38 [System] INFO: Log file: logs/quantum_platform.log
2025-06-29 06:24:38 [System] INFO: Performance logging: False
2025-06-29 06:24:38 [quantum_platform.errors.reporter] INFO: Error reporter initialized
2025-06-29 06:25:37 [System] INFO: Quantum Computing Platform starting up
2025-06-29 06:25:37 [System] INFO: Log level: INFO
2025-06-29 06:25:37 [System] INFO: Logging to file: True
2025-06-29 06:25:37 [System] INFO: Log file: logs/quantum_platform.log
2025-06-29 06:25:37 [System] INFO: Performance logging: False
2025-06-29 06:25:37 [quantum_platform.errors.reporter] INFO: Error reporter initialized
2025-06-29 08:22:42 [System] INFO: Quantum Computing Platform starting up
2025-06-29 08:22:42 [System] INFO: Log level: INFO
2025-06-29 08:22:42 [System] INFO: Logging to file: True
2025-06-29 08:22:42 [System] INFO: Log file: logs/quantum_platform.log
2025-06-29 08:22:42 [System] INFO: Performance logging: False
2025-06-29 08:22:42 [quantum_platform.errors.reporter] INFO: Error reporter initialized
2025-06-29 08:23:10 [System] INFO: Quantum Computing Platform starting up
2025-06-29 08:23:10 [System] INFO: Log level: INFO
2025-06-29 08:23:10 [System] INFO: Logging to file: True
2025-06-29 08:23:10 [System] INFO: Log file: logs/quantum_platform.log
2025-06-29 08:23:10 [System] INFO: Performance logging: False
2025-06-29 08:23:10 [quantum_platform.errors.reporter] INFO: Error reporter initialized
2025-06-29 08:23:18 [System] INFO: Quantum Computing Platform starting up
2025-06-29 08:23:18 [System] INFO: Log level: INFO
2025-06-29 08:23:18 [System] INFO: Logging to file: True
2025-06-29 08:23:18 [System] INFO: Log file: logs/quantum_platform.log
2025-06-29 08:23:18 [System] INFO: Performance logging: False
2025-06-29 08:23:18 [quantum_platform.errors.reporter] INFO: Error reporter initialized
2025-07-05 10:17:44 [System] INFO: Quantum Computing Platform starting up
2025-07-05 10:17:44 [System] INFO: Log level: INFO
2025-07-05 10:17:44 [System] INFO: Logging to file: True
2025-07-05 10:17:44 [System] INFO: Log file: logs/quantum_platform.log
2025-07-05 10:17:44 [System] INFO: Performance logging: False
2025-07-05 10:17:44 [quantum_platform.errors.reporter] INFO: Error reporter initialized
2025-07-05 10:19:18 [System] INFO: Quantum Computing Platform starting up
2025-07-05 10:19:18 [System] INFO: Log level: INFO
2025-07-05 10:19:18 [System] INFO: Logging to file: True
2025-07-05 10:19:18 [System] INFO: Log file: logs/quantum_platform.log
2025-07-05 10:19:18 [System] INFO: Performance logging: False
2025-07-05 10:19:18 [quantum_platform.errors.reporter] INFO: Error reporter initialized
2025-07-05 10:36:44 [System] INFO: Quantum Computing Platform starting up
2025-07-05 10:36:44 [System] INFO: Log level: INFO
2025-07-05 10:36:44 [System] INFO: Logging to file: True
2025-07-05 10:36:44 [System] INFO: Log file: logs/quantum_platform.log
2025-07-05 10:36:44 [System] INFO: Performance logging: False
2025-07-05 10:36:44 [quantum_platform.errors.reporter] INFO: Error reporter initialized
2025-07-05 10:38:07 [System] INFO: Quantum Computing Platform starting up
2025-07-05 10:38:07 [System] INFO: Log level: INFO
2025-07-05 10:38:07 [System] INFO: Logging to file: True
2025-07-05 10:38:07 [System] INFO: Log file: logs/quantum_platform.log
2025-07-05 10:38:07 [System] INFO: Performance logging: False
2025-07-05 10:38:07 [quantum_platform.errors.reporter] INFO: Error reporter initialized
2025-07-05 10:38:26 [System] INFO: Quantum Computing Platform starting up
2025-07-05 10:38:26 [System] INFO: Log level: INFO
2025-07-05 10:38:26 [System] INFO: Logging to file: True
2025-07-05 10:38:26 [System] INFO: Log file: logs/quantum_platform.log
2025-07-05 10:38:26 [System] INFO: Performance logging: False
2025-07-05 10:38:26 [quantum_platform.errors.reporter] INFO: Error reporter initialized
2025-07-05 10:38:52 [System] INFO: Quantum Computing Platform starting up
2025-07-05 10:38:52 [System] INFO: Log level: INFO
2025-07-05 10:38:52 [System] INFO: Logging to file: True
2025-07-05 10:38:52 [System] INFO: Log file: logs/quantum_platform.log
2025-07-05 10:38:52 [System] INFO: Performance logging: False
2025-07-05 10:38:52 [quantum_platform.errors.reporter] INFO: Error reporter initialized
2025-07-05 10:39:15 [System] INFO: Quantum Computing Platform starting up
2025-07-05 10:39:15 [System] INFO: Log level: INFO
2025-07-05 10:39:15 [System] INFO: Logging to file: True
2025-07-05 10:39:15 [System] INFO: Log file: logs/quantum_platform.log
2025-07-05 10:39:15 [System] INFO: Performance logging: False
2025-07-05 10:39:15 [quantum_platform.errors.reporter] INFO: Error reporter initialized
2025-07-05 10:39:16 [quantum_platform.providers.provider_manager] INFO: Provider manager initialized
2025-07-05 10:39:16 [quantum_platform.providers.provider_manager] INFO: Loaded configuration from /Users/alctoria/.quantum_platform/providers.json
2025-07-05 10:39:16 [quantum_platform.providers.provider_manager] INFO: Provider manager initialized
2025-07-05 10:39:16 [quantum_platform.providers.provider_manager] INFO: Loaded configuration from /Users/alctoria/.quantum_platform/providers.json
2025-07-05 10:39:16 [quantum_platform.providers.provider_manager] INFO: Provider manager initialized
2025-07-05 10:39:16 [quantum_platform.providers.provider_manager] INFO: Loaded configuration from /Users/alctoria/.quantum_platform/providers.json
2025-07-05 10:39:16 [quantum_platform.providers.provider_manager] INFO: Provider manager initialized
2025-07-05 10:39:16 [quantum_platform.providers.provider_manager] INFO: Loaded configuration from /Users/alctoria/.quantum_platform/providers.json
2025-07-05 10:39:16 [quantum_platform.providers.provider_manager] INFO: Provider manager initialized
2025-07-05 10:39:16 [quantum_platform.providers.provider_manager] INFO: Loaded configuration from /Users/alctoria/.quantum_platform/providers.json
2025-07-05 10:39:16 [quantum_platform.providers.provider_manager] INFO: Provider manager initialized
2025-07-05 10:39:16 [quantum_platform.providers.provider_manager] INFO: Switched to provider 'local', device 'local_simulator'
2025-07-05 10:39:16 [quantum_platform.providers.provider_manager] INFO: Loaded configuration from /Users/alctoria/.quantum_platform/providers.json
2025-07-05 10:39:16 [quantum_platform.providers.provider_manager] INFO: Provider manager initialized
2025-07-05 10:39:24 [System] INFO: Quantum Computing Platform starting up
2025-07-05 10:39:24 [System] INFO: Log level: INFO
2025-07-05 10:39:24 [System] INFO: Logging to file: True
2025-07-05 10:39:24 [System] INFO: Log file: logs/quantum_platform.log
2025-07-05 10:39:24 [System] INFO: Performance logging: False
2025-07-05 10:39:24 [quantum_platform.errors.reporter] INFO: Error reporter initialized
2025-07-05 10:39:24 [quantum_platform.providers.provider_manager] INFO: Loaded configuration from /Users/alctoria/.quantum_platform/providers.json
2025-07-05 10:39:24 [quantum_platform.providers.provider_manager] INFO: Provider manager initialized
2025-07-05 10:39:24 [quantum_platform.providers.provider_manager] INFO: Started device discovery thread
2025-07-05 10:40:35 [System] INFO: Quantum Computing Platform starting up
2025-07-05 10:40:35 [System] INFO: Log level: INFO
2025-07-05 10:40:35 [System] INFO: Logging to file: True
2025-07-05 10:40:35 [System] INFO: Log file: logs/quantum_platform.log
2025-07-05 10:40:35 [System] INFO: Performance logging: False
2025-07-05 10:40:35 [quantum_platform.errors.reporter] INFO: Error reporter initialized
2025-07-05 10:40:35 [quantum_platform.providers.provider_manager] INFO: Loaded configuration from /Users/alctoria/.quantum_platform/providers.json
2025-07-05 10:40:35 [quantum_platform.providers.provider_manager] INFO: Provider manager initialized
2025-07-05 10:40:35 [quantum_platform.providers.provider_manager] INFO: Loaded configuration from /Users/alctoria/.quantum_platform/providers.json
2025-07-05 10:40:35 [quantum_platform.providers.provider_manager] INFO: Provider manager initialized
2025-07-05 10:40:35 [quantum_platform.providers.provider_manager] INFO: Loaded configuration from /Users/alctoria/.quantum_platform/providers.json
2025-07-05 10:40:35 [quantum_platform.providers.provider_manager] INFO: Provider manager initialized
2025-07-05 10:40:35 [quantum_platform.providers.provider_manager] INFO: Loaded configuration from /Users/alctoria/.quantum_platform/providers.json
2025-07-05 10:40:35 [quantum_platform.providers.provider_manager] INFO: Provider manager initialized
2025-07-05 10:40:35 [quantum_platform.providers.provider_manager] INFO: Loaded configuration from /Users/alctoria/.quantum_platform/providers.json
2025-07-05 10:40:35 [quantum_platform.providers.provider_manager] INFO: Provider manager initialized
2025-07-05 10:40:35 [quantum_platform.providers.provider_manager] INFO: Loaded configuration from /Users/alctoria/.quantum_platform/providers.json
2025-07-05 10:40:35 [quantum_platform.providers.provider_manager] INFO: Provider manager initialized
2025-07-05 10:40:35 [quantum_platform.providers.provider_manager] INFO: Switched to provider 'local', device 'local_simulator'
2025-07-05 10:40:35 [quantum_platform.providers.provider_manager] INFO: Loaded configuration from /Users/alctoria/.quantum_platform/providers.json
2025-07-05 10:40:35 [quantum_platform.providers.provider_manager] INFO: Provider manager initialized
2025-07-05 10:50:43 [System] INFO: Quantum Computing Platform starting up
2025-07-05 10:50:43 [System] INFO: Log level: INFO
2025-07-05 10:50:43 [System] INFO: Logging to file: True
2025-07-05 10:50:43 [System] INFO: Log file: logs/quantum_platform.log
2025-07-05 10:50:43 [System] INFO: Performance logging: False
2025-07-05 10:50:43 [quantum_platform.errors.reporter] INFO: Error reporter initialized
2025-07-05 10:50:50 [System] INFO: Quantum Computing Platform starting up
2025-07-05 10:50:50 [System] INFO: Log level: INFO
2025-07-05 10:50:50 [System] INFO: Logging to file: True
2025-07-05 10:50:50 [System] INFO: Log file: logs/quantum_platform.log
2025-07-05 10:50:50 [System] INFO: Performance logging: False
2025-07-05 10:50:50 [quantum_platform.errors.reporter] INFO: Error reporter initialized
2025-07-05 10:50:50 [quantum_platform.orchestration.hybrid_executor] INFO: Initialized HybridExecutor with backend: test_backend
2025-07-05 10:50:50 [quantum_platform.orchestration.hybrid_executor] INFO: Circuit set with 2 parameters
2025-07-05 10:50:50 [quantum_platform.orchestration.hybrid_executor] INFO: Initialized HybridExecutor with backend: test_backend
2025-07-05 10:50:50 [quantum_platform.orchestration.hybrid_executor] INFO: Circuit set with 2 parameters
2025-07-05 10:50:50 [quantum_platform.orchestration.hybrid_executor] INFO: Initialized HybridExecutor with backend: test_backend
2025-07-05 10:50:50 [quantum_platform.orchestration.hybrid_executor] INFO: Circuit set with 2 parameters
2025-07-05 10:50:50 [quantum_platform.orchestration.hybrid_executor] INFO: Initialized HybridExecutor with backend: test_backend
2025-07-05 10:50:50 [quantum_platform.orchestration.hybrid_executor] INFO: Circuit set with 2 parameters
2025-07-05 10:50:50 [quantum_platform.orchestration.hybrid_executor] INFO: Initialized HybridExecutor with backend: test_backend
2025-07-05 10:50:50 [quantum_platform.orchestration.hybrid_executor] INFO: Circuit set with 2 parameters
2025-07-05 10:50:50 [quantum_platform.orchestration.hybrid_executor] INFO: Initialized HybridExecutor with backend: test_backend
2025-07-05 10:50:50 [quantum_platform.orchestration.hybrid_executor] INFO: Circuit set with 2 parameters
2025-07-05 10:50:50 [quantum_platform.orchestration.hybrid_executor] INFO: Initialized HybridExecutor with backend: test_backend
2025-07-05 10:50:50 [quantum_platform.orchestration.hybrid_executor] INFO: Circuit set with 1 parameters
2025-07-05 10:50:50 [quantum_platform.orchestration.hybrid_executor] INFO: Initialized HybridExecutor with backend: test_backend
2025-07-05 10:50:50 [quantum_platform.orchestration.hybrid_executor] INFO: Circuit set with 1 parameters
2025-07-05 10:50:50 [quantum_platform.orchestration.hybrid_executor] INFO: Starting optimization with 1 parameters
2025-07-05 10:50:50 [quantum_platform.orchestration.hybrid_executor] ERROR: Error in optimization iteration 0: handle_errors.<locals>.decorator() takes 1 positional argument but 2 were given
2025-07-05 10:50:50 [quantum_platform.providers.provider_manager] INFO: Loaded configuration from /Users/alctoria/.quantum_platform/providers.json
2025-07-05 10:50:50 [quantum_platform.providers.provider_manager] INFO: Provider manager initialized
2025-07-05 10:50:50 [quantum_platform.providers.provider_manager] INFO: Loaded configuration from /Users/alctoria/.quantum_platform/providers.json
2025-07-05 10:50:50 [quantum_platform.providers.provider_manager] INFO: Provider manager initialized
2025-07-05 10:50:50 [quantum_platform.providers.provider_manager] INFO: Loaded configuration from /Users/alctoria/.quantum_platform/providers.json
2025-07-05 10:50:50 [quantum_platform.providers.provider_manager] INFO: Provider manager initialized
2025-07-05 10:50:50 [quantum_platform.providers.provider_manager] INFO: Loaded configuration from /Users/alctoria/.quantum_platform/providers.json
2025-07-05 10:50:50 [quantum_platform.providers.provider_manager] INFO: Provider manager initialized
2025-07-05 10:50:50 [quantum_platform.providers.provider_manager] INFO: Loaded configuration from /Users/alctoria/.quantum_platform/providers.json
2025-07-05 10:50:50 [quantum_platform.providers.provider_manager] INFO: Provider manager initialized
2025-07-05 10:50:50 [quantum_platform.providers.provider_manager] INFO: Loaded configuration from /Users/alctoria/.quantum_platform/providers.json
2025-07-05 10:50:50 [quantum_platform.providers.provider_manager] INFO: Provider manager initialized
2025-07-05 10:50:50 [quantum_platform.providers.provider_manager] INFO: Switched to provider 'local', device 'local_simulator'
2025-07-05 10:50:50 [quantum_platform.providers.provider_manager] INFO: Loaded configuration from /Users/alctoria/.quantum_platform/providers.json
2025-07-05 10:50:50 [quantum_platform.providers.provider_manager] INFO: Provider manager initialized
2025-07-05 10:50:50 [quantum_platform.providers.provider_manager] INFO: Loaded configuration from /Users/alctoria/.quantum_platform/providers.json
2025-07-05 10:50:50 [quantum_platform.providers.provider_manager] INFO: Provider manager initialized
2025-07-05 10:50:50 [quantum_platform.orchestration.hybrid_executor] INFO: Initialized HybridExecutor with backend: local_simulator
2025-07-05 10:50:50 [quantum_platform.orchestration.hybrid_executor] INFO: Circuit set with 3 parameters
2025-07-05 10:50:50 [quantum_platform.orchestration.hybrid_executor] INFO: Initialized HybridExecutor with backend: local_simulator
2025-07-05 10:50:50 [quantum_platform.orchestration.hybrid_executor] INFO: Circuit set with 6 parameters
2025-07-05 10:50:50 [quantum_platform.providers.provider_manager] INFO: Switched to provider 'local', device 'local_simulator'
2025-07-05 10:50:50 [quantum_platform.orchestration.hybrid_executor] INFO: Initialized HybridExecutor with backend: local_simulator
2025-07-05 10:50:50 [quantum_platform.orchestration.hybrid_executor] INFO: Circuit set with 1 parameters
2025-07-05 10:50:50 [quantum_platform.orchestration.hybrid_executor] INFO: Initialized HybridExecutor with backend: local_simulator
2025-07-05 10:50:50 [quantum_platform.orchestration.hybrid_executor] INFO: Circuit set with 1 parameters
2025-07-05 10:51:39 [System] INFO: Quantum Computing Platform starting up
2025-07-05 10:51:39 [System] INFO: Log level: INFO
2025-07-05 10:51:39 [System] INFO: Logging to file: True
2025-07-05 10:51:39 [System] INFO: Log file: logs/quantum_platform.log
2025-07-05 10:51:39 [System] INFO: Performance logging: False
2025-07-05 10:51:39 [quantum_platform.errors.reporter] INFO: Error reporter initialized
2025-07-05 10:51:39 [quantum_platform.orchestration.hybrid_executor] INFO: Initialized HybridExecutor with backend: test_backend
2025-07-05 10:51:39 [quantum_platform.orchestration.hybrid_executor] INFO: Circuit set with 2 parameters
2025-07-05 10:51:39 [quantum_platform.orchestration.hybrid_executor] INFO: Executing circuit with 2 parameters
2025-07-05 10:51:39 [quantum_platform.orchestration.hybrid_executor] WARNING: Execution attempt 1 failed: 'LocalSimulatorBackend' object has no attribute 'is_available'
2025-07-05 10:51:39 [quantum_platform.orchestration.hybrid_executor] INFO: Retrying in 2.00 seconds...
2025-07-05 10:51:41 [quantum_platform.orchestration.hybrid_executor] WARNING: Execution attempt 2 failed: 'LocalSimulatorBackend' object has no attribute 'is_available'
2025-07-05 10:51:41 [quantum_platform.orchestration.hybrid_executor] INFO: Retrying in 4.00 seconds...
2025-07-05 10:51:45 [quantum_platform.orchestration.hybrid_executor] WARNING: Execution attempt 3 failed: 'LocalSimulatorBackend' object has no attribute 'is_available'
2025-07-05 10:51:45 [quantum_platform.orchestration.hybrid_executor] WARNING: Execution attempt 4 failed: 'LocalSimulatorBackend' object has no attribute 'is_available'
2025-07-05 10:51:45 [quantum_platform.orchestration.hybrid_executor] ERROR: Execution failed: Execution failed after 3 retries
2025-07-05 10:52:18 [System] INFO: Quantum Computing Platform starting up
2025-07-05 10:52:18 [System] INFO: Log level: INFO
2025-07-05 10:52:18 [System] INFO: Logging to file: True
2025-07-05 10:52:18 [System] INFO: Log file: logs/quantum_platform.log
2025-07-05 10:52:18 [System] INFO: Performance logging: False
2025-07-05 10:52:18 [quantum_platform.errors.reporter] INFO: Error reporter initialized
2025-07-05 10:52:19 [quantum_platform.orchestration.hybrid_executor] INFO: Initialized HybridExecutor with backend: test_backend
2025-07-05 10:52:19 [quantum_platform.orchestration.hybrid_executor] INFO: Circuit set with 2 parameters
2025-07-05 10:52:19 [quantum_platform.orchestration.hybrid_executor] INFO: Executing circuit with 2 parameters
2025-07-05 10:52:19 [quantum_platform.orchestration.hybrid_executor] WARNING: Execution attempt 1 failed: handle_errors.<locals>.decorator() got an unexpected keyword argument 'shots'
2025-07-05 10:52:19 [quantum_platform.orchestration.hybrid_executor] INFO: Retrying in 2.00 seconds...
2025-07-05 10:52:21 [quantum_platform.orchestration.hybrid_executor] WARNING: Execution attempt 2 failed: handle_errors.<locals>.decorator() got an unexpected keyword argument 'shots'
2025-07-05 10:52:21 [quantum_platform.orchestration.hybrid_executor] INFO: Retrying in 4.00 seconds...
2025-07-05 10:52:25 [quantum_platform.orchestration.hybrid_executor] WARNING: Execution attempt 3 failed: handle_errors.<locals>.decorator() got an unexpected keyword argument 'shots'
2025-07-05 10:52:25 [quantum_platform.orchestration.hybrid_executor] WARNING: Execution attempt 4 failed: handle_errors.<locals>.decorator() got an unexpected keyword argument 'shots'
2025-07-05 10:52:25 [quantum_platform.orchestration.hybrid_executor] ERROR: Execution failed: Execution failed after 3 retries
2025-07-05 10:53:01 [System] INFO: Quantum Computing Platform starting up
2025-07-05 10:53:01 [System] INFO: Log level: INFO
2025-07-05 10:53:01 [System] INFO: Logging to file: True
2025-07-05 10:53:01 [System] INFO: Log file: logs/quantum_platform.log
2025-07-05 10:53:01 [System] INFO: Performance logging: False
2025-07-05 10:53:01 [quantum_platform.errors.reporter] INFO: Error reporter initialized
2025-07-05 10:53:01 [quantum_platform.orchestration.hybrid_executor] INFO: Initialized HybridExecutor with backend: test_backend
2025-07-05 10:53:01 [quantum_platform.orchestration.hybrid_executor] INFO: Circuit set with 2 parameters
2025-07-05 10:53:01 [quantum_platform.orchestration.hybrid_executor] INFO: Executing circuit with 2 parameters
2025-07-05 10:53:01 [quantum_platform.orchestration.hybrid_executor] WARNING: Execution attempt 1 failed: handle_errors.<locals>.decorator() takes 1 positional argument but 3 were given
2025-07-05 10:53:01 [quantum_platform.orchestration.hybrid_executor] INFO: Retrying in 2.00 seconds...
2025-07-05 10:53:03 [quantum_platform.orchestration.hybrid_executor] WARNING: Execution attempt 2 failed: handle_errors.<locals>.decorator() takes 1 positional argument but 3 were given
2025-07-05 10:53:03 [quantum_platform.orchestration.hybrid_executor] INFO: Retrying in 4.00 seconds...
2025-07-05 10:53:07 [quantum_platform.orchestration.hybrid_executor] WARNING: Execution attempt 3 failed: handle_errors.<locals>.decorator() takes 1 positional argument but 3 were given
2025-07-05 10:53:07 [quantum_platform.orchestration.hybrid_executor] WARNING: Execution attempt 4 failed: handle_errors.<locals>.decorator() takes 1 positional argument but 3 were given
2025-07-05 10:53:07 [quantum_platform.orchestration.hybrid_executor] ERROR: Execution failed: Execution failed after 3 retries
2025-07-05 10:53:43 [System] INFO: Quantum Computing Platform starting up
2025-07-05 10:53:43 [System] INFO: Log level: INFO
2025-07-05 10:53:43 [System] INFO: Logging to file: True
2025-07-05 10:53:43 [System] INFO: Log file: logs/quantum_platform.log
2025-07-05 10:53:43 [System] INFO: Performance logging: False
2025-07-05 10:53:43 [quantum_platform.errors.reporter] INFO: Error reporter initialized
2025-07-05 10:53:43 [quantum_platform.orchestration.hybrid_executor] INFO: Initialized HybridExecutor with backend: test_backend
2025-07-05 10:53:43 [quantum_platform.orchestration.hybrid_executor] INFO: Circuit set with 2 parameters
2025-07-05 10:53:43 [quantum_platform.orchestration.hybrid_executor] INFO: Executing circuit with 2 parameters
2025-07-05 10:53:43 [quantum_platform.orchestration.hybrid_executor] WARNING: Execution attempt 1 failed: '>' not supported between instances of 'int' and 'str'
2025-07-05 10:53:43 [quantum_platform.orchestration.hybrid_executor] INFO: Retrying in 2.00 seconds...
2025-07-05 10:53:45 [quantum_platform.orchestration.hybrid_executor] WARNING: Execution attempt 2 failed: '>' not supported between instances of 'int' and 'str'
2025-07-05 10:53:45 [quantum_platform.orchestration.hybrid_executor] INFO: Retrying in 4.00 seconds...
2025-07-05 10:53:49 [quantum_platform.orchestration.hybrid_executor] WARNING: Execution attempt 3 failed: '>' not supported between instances of 'int' and 'str'
2025-07-05 10:53:49 [quantum_platform.orchestration.hybrid_executor] WARNING: Execution attempt 4 failed: '>' not supported between instances of 'int' and 'str'
2025-07-05 10:53:49 [quantum_platform.orchestration.hybrid_executor] ERROR: Execution failed: Execution failed after 3 retries
2025-07-05 11:01:40 [System] INFO: Quantum Computing Platform starting up
2025-07-05 11:01:40 [System] INFO: Log level: INFO
2025-07-05 11:01:40 [System] INFO: Logging to file: True
2025-07-05 11:01:40 [System] INFO: Log file: logs/quantum_platform.log
2025-07-05 11:01:40 [System] INFO: Performance logging: False
2025-07-05 11:01:40 [quantum_platform.errors.reporter] INFO: Error reporter initialized
2025-07-05 11:01:50 [System] INFO: Quantum Computing Platform starting up
2025-07-05 11:01:50 [System] INFO: Log level: INFO
2025-07-05 11:01:50 [System] INFO: Logging to file: True
2025-07-05 11:01:50 [System] INFO: Log file: logs/quantum_platform.log
2025-07-05 11:01:50 [System] INFO: Performance logging: False
2025-07-05 11:01:50 [quantum_platform.errors.reporter] INFO: Error reporter initialized
2025-07-05 11:58:17 [System] INFO: Quantum Computing Platform starting up
2025-07-05 11:58:17 [System] INFO: Log level: INFO
2025-07-05 11:58:17 [System] INFO: Logging to file: True
2025-07-05 11:58:17 [System] INFO: Log file: logs/quantum_platform.log
2025-07-05 11:58:17 [System] INFO: Performance logging: False
2025-07-05 11:58:17 [quantum_platform.errors.reporter] INFO: Error reporter initialized
2025-07-05 11:58:44 [System] INFO: Quantum Computing Platform starting up
2025-07-05 11:58:44 [System] INFO: Log level: INFO
2025-07-05 11:58:44 [System] INFO: Logging to file: True
2025-07-05 11:58:44 [System] INFO: Log file: logs/quantum_platform.log
2025-07-05 11:58:44 [System] INFO: Performance logging: False
2025-07-05 11:58:44 [quantum_platform.errors.reporter] INFO: Error reporter initialized
2025-07-05 11:59:12 [System] INFO: Quantum Computing Platform starting up
2025-07-05 11:59:12 [System] INFO: Log level: INFO
2025-07-05 11:59:12 [System] INFO: Logging to file: True
2025-07-05 11:59:12 [System] INFO: Log file: logs/quantum_platform.log
2025-07-05 11:59:12 [System] INFO: Performance logging: False
2025-07-05 11:59:12 [quantum_platform.errors.reporter] INFO: Error reporter initialized
2025-07-05 11:59:34 [System] INFO: Quantum Computing Platform starting up
2025-07-05 11:59:34 [System] INFO: Log level: INFO
2025-07-05 11:59:34 [System] INFO: Logging to file: True
2025-07-05 11:59:34 [System] INFO: Log file: logs/quantum_platform.log
2025-07-05 11:59:34 [System] INFO: Performance logging: False
2025-07-05 11:59:34 [quantum_platform.errors.reporter] INFO: Error reporter initialized
2025-07-05 12:10:11 [System] INFO: Quantum Computing Platform starting up
2025-07-05 12:10:11 [System] INFO: Log level: INFO
2025-07-05 12:10:11 [System] INFO: Logging to file: True
2025-07-05 12:10:11 [System] INFO: Log file: logs/quantum_platform.log
2025-07-05 12:10:11 [System] INFO: Performance logging: False
2025-07-05 12:10:11 [quantum_platform.errors.reporter] INFO: Error reporter initialized
2025-07-05 12:21:21 [System] INFO: Quantum Computing Platform starting up
2025-07-05 12:21:21 [System] INFO: Log level: INFO
2025-07-05 12:21:21 [System] INFO: Logging to file: True
2025-07-05 12:21:21 [System] INFO: Log file: logs/quantum_platform.log
2025-07-05 12:21:21 [System] INFO: Performance logging: False
2025-07-05 12:21:21 [quantum_platform.errors.reporter] INFO: Error reporter initialized
2025-07-05 12:21:21 [ExperimentDatabase] INFO: Database tables and indexes created successfully
2025-07-05 12:21:21 [ExperimentDatabase] INFO: Experiment database initialized at quantum_experiments.db
2025-07-05 12:21:21 [ExperimentDatabase] INFO: Circuit with same content already exists: 039a9046-7a62-4964-ae90-a2c03d32b24b
2025-07-05 12:21:21 [ExperimentDatabase] INFO: Created experiment: 612ffb86-f1d4-4eed-acb5-5508f5b31651 (Test Experiment)
2025-07-05 12:21:21 [ExperimentDatabase] INFO: Created result: 945b47dd-9346-495b-b588-159fcbfeba24 for experiment 612ffb86-f1d4-4eed-acb5-5508f5b31651
2025-07-05 12:22:16 [System] INFO: Quantum Computing Platform starting up
2025-07-05 12:22:16 [System] INFO: Log level: INFO
2025-07-05 12:22:16 [System] INFO: Logging to file: True
2025-07-05 12:22:16 [System] INFO: Log file: logs/quantum_platform.log
2025-07-05 12:22:16 [System] INFO: Performance logging: False
2025-07-05 12:22:16 [quantum_platform.errors.reporter] INFO: Error reporter initialized
2025-07-05 12:22:16 [ExperimentDatabase] INFO: Database tables and indexes created successfully
2025-07-05 12:22:16 [ExperimentDatabase] INFO: Experiment database initialized at quantum_experiments.db
2025-07-05 12:22:16 [ExperimentDatabase] INFO: Circuit with same content already exists: 039a9046-7a62-4964-ae90-a2c03d32b24b
2025-07-05 12:22:16 [ExperimentDatabase] INFO: Created experiment: 487b65b9-4a0c-4db2-96e7-ee2101769948 (Test Experiment)
2025-07-05 12:22:16 [ExperimentDatabase] INFO: Created result: 8f65ed6c-237e-4f8e-beaa-fab06ca8572b for experiment 487b65b9-4a0c-4db2-96e7-ee2101769948
2025-07-05 12:22:52 [System] INFO: Quantum Computing Platform starting up
2025-07-05 12:22:52 [System] INFO: Log level: INFO
2025-07-05 12:22:52 [System] INFO: Logging to file: True
2025-07-05 12:22:52 [System] INFO: Log file: logs/quantum_platform.log
2025-07-05 12:22:52 [System] INFO: Performance logging: False
2025-07-05 12:22:52 [quantum_platform.errors.reporter] INFO: Error reporter initialized
2025-07-05 12:22:52 [ExperimentDatabase] INFO: Database tables and indexes created successfully
2025-07-05 12:22:52 [ExperimentDatabase] INFO: Experiment database initialized at quantum_experiments.db
2025-07-05 12:22:52 [ExperimentDatabase] INFO: Circuit with same content already exists: 039a9046-7a62-4964-ae90-a2c03d32b24b
2025-07-05 12:22:52 [ExperimentDatabase] INFO: Created experiment: f4dd65aa-bad4-42da-99c7-52b8cec5550a (Test Experiment)
2025-07-05 12:22:52 [ExperimentDatabase] INFO: Created result: 92b68147-a1dc-4c83-b4ab-47cf9688305d for experiment f4dd65aa-bad4-42da-99c7-52b8cec5550a
2025-07-05 12:22:52 [MarketplaceManager] INFO: Marketplace manager initialized
2025-07-05 12:22:52 [MarketplaceManager] INFO: Updated package cache with 6 packages
2025-07-05 12:22:52 [MarketplaceManager] INFO: Updated package cache with 6 packages
2025-07-05 12:22:52 [MarketplaceManager] ERROR: Failed to download and install package: HTTPSConnectionPool(host='quantum-platform.org', port=443): Max retries exceeded with url: /packages/packages/advanced-algorithms (Caused by NameResolutionError("<urllib3.connection.HTTPSConnection object at 0x146c0fa40>: Failed to resolve 'quantum-platform.org' ([Errno 8] nodename nor servname provided, or not known)"))
2025-07-05 12:22:52 [MarketplaceManager] ERROR: Failed to install package advanced-algorithms
2025-07-05 12:22:52 [MarketplaceManager] INFO: Updated package cache with 6 packages
2025-07-05 12:22:52 [CommunityManager] INFO: Loaded 0 users, 0 contributions
2025-07-05 12:22:52 [CommunityManager] INFO: Community manager initialized
2025-07-05 12:22:52 [CommunityManager] INFO: Created user profile for quantum_alice
2025-07-05 12:22:52 [CommunityManager] INFO: Created user profile for quantum_bob
2025-07-05 12:22:52 [CommunityManager] INFO: New contribution submitted: Enhanced Grover
2025-07-05 12:22:52 [CommunityManager] INFO: New contribution submitted: Quantum Neural Network
2025-07-05 12:22:52 [CommunityManager] INFO: Package quantum-algorithm-library rated by user dec9927c-396d-4d6f-b802-600dbd05b98e
2025-07-05 12:22:52 [CommunityManager] INFO: Package quantum-algorithm-library rated by user db2c9e93-d86e-4e61-a6d5-61898cabbb4b
2025-07-05 12:22:52 [CommunityManager] INFO: New discussion thread created: Best practices for quantum error correction
2025-07-05 12:22:52 [CommunityManager] INFO: New discussion thread created: Variational quantum algorithms optimization
2025-07-05 12:22:52 [PluginManager] INFO: Plugin manager initialized with 0 plugins
